<?xml version="1.0" encoding="UTF-8"?>
<!-- Generated by org.testng.reporters.JUnitReportReporter -->
<testsuite hostname="DESKTOP-6SK6VHN" failures="0" tests="8" name="TestNGKeywords.Testing" time="0.052" errors="0" timestamp="2022-11-08T14:37:22 IST" skipped="0">
  <testcase classname="TestNGKeywords.Testing" name="A" time="0.022"/>
  <system-out>
    <![CDATA[A TC is running]]>
  </system-out>
  <testcase classname="TestNGKeywords.Testing" name="B" time="0.012"/>
  <system-out>
    <![CDATA[B TC is running]]>
  </system-out>
  <testcase classname="TestNGKeywords.Testing" name="A" time="0.005"/>
  <system-out>
    <![CDATA[A TC is running]]>
  </system-out>
  <testcase classname="TestNGKeywords.Testing" name="A" time="0.003"/>
  <system-out>
    <![CDATA[A TC is running]]>
  </system-out>
  <testcase classname="TestNGKeywords.Testing" name="A" time="0.003"/>
  <system-out>
    <![CDATA[A TC is running]]>
  </system-out>
  <testcase classname="TestNGKeywords.Testing" name="A" time="0.002"/>
  <system-out>
    <![CDATA[A TC is running]]>
  </system-out>
  <testcase classname="TestNGKeywords.Testing" name="B" time="0.002"/>
  <system-out>
    <![CDATA[B TC is running]]>
  </system-out>
  <testcase classname="TestNGKeywords.Testing" name="B" time="0.003"/>
  <system-out>
    <![CDATA[B TC is running]]>
  </system-out>
</testsuite> <!-- TestNGKeywords.Testing -->
