<?xml version="1.0" encoding="UTF-8"?>
<!-- Generated by org.testng.reporters.JUnitReportReporter -->
<testsuite hostname="DESKTOP-6SK6VHN" failures="0" tests="1" name="testNGstudySerialAndParellel.testNGSerialExecution" time="53.389" errors="0" timestamp="2022-11-16T17:39:50 IST" skipped="0">
  <testcase classname="testNGstudySerialAndParellel.testNGSerialExecution" name="fA" time="53.389"/>
  <system-out/>
</testsuite> <!-- testNGstudySerialAndParellel.testNGSerialExecution -->
