<?xml version="1.0" encoding="UTF-8"?>
<!-- Generated by org.testng.reporters.JUnitReportReporter -->
<testsuite hostname="DESKTOP-6SK6VHN" failures="0" tests="3" name="TestNGxml.testing2" time="0.022" errors="0" timestamp="2022-11-16T17:47:09 IST" skipped="0">
  <testcase classname="TestNGxml.testing2" name="I" time="0.017"/>
  <system-out>
    <![CDATA[I TC is running]]>
  </system-out>
  <testcase classname="TestNGxml.testing2" name="K" time="0.003"/>
  <system-out>
    <![CDATA[K TC is running]]>
  </system-out>
  <testcase classname="TestNGxml.testing2" name="J" time="0.002"/>
  <system-out>
    <![CDATA[J TC is running]]>
  </system-out>
</testsuite> <!-- TestNGxml.testing2 -->
