<?xml version="1.0" encoding="UTF-8"?>
<!-- Generated by org.testng.reporters.JUnitReportReporter -->
<testsuite hostname="DESKTOP-6SK6VHN" failures="0" tests="1" name="testNGstudySerialAndParellel.Test2" time="83.555" errors="0" timestamp="2022-11-16T17:39:50 IST" skipped="0">
  <testcase classname="testNGstudySerialAndParellel.Test2" name="f" time="83.555"/>
  <system-out/>
</testsuite> <!-- testNGstudySerialAndParellel.Test2 -->
