<?xml version="1.0" encoding="UTF-8"?>
<!-- Generated by org.testng.reporters.JUnitReportReporter -->
<testsuite hostname="DESKTOP-6SK6VHN" failures="0" tests="5" name="TestNGKeywords.Enabled" time="0.008" errors="0" timestamp="2022-11-15T14:48:25 IST" skipped="2">
  <testcase classname="TestNGKeywords.Enabled" name="E" time="0.003"/>
  <system-out>
    <![CDATA[E TC is running]]>
  </system-out>
  <testcase classname="TestNGKeywords.Enabled" name="A" time="0.003"/>
  <system-out>
    <![CDATA[A TC is running]]>
  </system-out>
  <testcase classname="TestNGKeywords.Enabled" name="D" time="0.002"/>
  <system-out>
    <![CDATA[D TC is running]]>
  </system-out>
  <testcase classname="TestNGKeywords.Enabled" name="B">
    <skipped/>
  </testcase> <!-- B -->
  <system-out/>
  <testcase classname="TestNGKeywords.Enabled" name="C">
    <skipped/>
  </testcase> <!-- C -->
  <system-out/>
</testsuite> <!-- TestNGKeywords.Enabled -->
