<?xml version="1.0" encoding="UTF-8"?>
<!-- Generated by org.testng.reporters.JUnitReportReporter -->
<testsuite hostname="DESKTOP-6SK6VHN" failures="0" tests="1" name="verificationUsingTestNG.AssertTrue" time="0.017" errors="0" timestamp="2022-11-18T16:24:31 IST" skipped="0">
  <testcase classname="verificationUsingTestNG.AssertTrue" name="Trueuse" time="0.017"/>
  <system-out/>
</testsuite> <!-- verificationUsingTestNG.AssertTrue -->
