<?xml version="1.0" encoding="UTF-8"?>
<!-- Generated by org.testng.reporters.JUnitReportReporter -->
<testsuite hostname="DESKTOP-6SK6VHN" failures="0" tests="2" name="TestNGStudy.myTest" time="0.029" errors="0" timestamp="2022-11-08T13:46:23 IST" skipped="0">
  <testcase classname="TestNGStudy.myTest" name="A" time="0.021"/>
  <system-out>
    <![CDATA[A method is running using-->log
A method is running using log true]]>
  </system-out>
  <testcase classname="TestNGStudy.myTest" name="B" time="0.008"/>
  <system-out>
    <![CDATA[B method is running using-->log
B method is running using log true]]>
  </system-out>
</testsuite> <!-- TestNGStudy.myTest -->
