<?xml version="1.0" encoding="UTF-8"?>
<!-- Generated by org.testng.reporters.JUnitReportReporter -->
<testsuite hostname="DESKTOP-6SK6VHN" failures="0" tests="1" name="verificationUsingTestNG.AssertFalse" time="0.022" errors="0" timestamp="2022-11-18T16:27:45 IST" skipped="0">
  <testcase classname="verificationUsingTestNG.AssertFalse" name="falseuse" time="0.022"/>
  <system-out/>
</testsuite> <!-- verificationUsingTestNG.AssertFalse -->
