<?xml version="1.0" encoding="UTF-8"?>
<!-- Generated by org.testng.reporters.JUnitReportReporter -->
<testsuite hostname="DESKTOP-6SK6VHN" failures="0" tests="2" name="TestNGStudy.NewTestEg1" time="51.179" errors="0" timestamp="2022-11-07T16:48:56 IST" skipped="0">
  <testcase classname="TestNGStudy.NewTestEg1" name="googletest" time="13.569"/>
  <system-out/>
  <testcase classname="TestNGStudy.NewTestEg1" name="flipkart" time="37.610"/>
  <system-out/>
</testsuite> <!-- TestNGStudy.NewTestEg1 -->
