<?xml version="1.0" encoding="UTF-8"?>
<!-- Generated by org.testng.reporters.JUnitReportReporter -->
<testsuite hostname="DESKTOP-6SK6VHN" failures="0" tests="1" name="SoftAssert.FirefoxTest" time="121.799" errors="0" timestamp="2022-11-18T17:33:17 IST" skipped="0">
  <testcase classname="SoftAssert.FirefoxTest" name="firefox" time="121.799"/>
  <system-out/>
</testsuite> <!-- SoftAssert.FirefoxTest -->
