<?xml version="1.0" encoding="UTF-8"?>
<!-- Generated by org.testng.reporters.JUnitReportReporter -->
<testsuite hostname="DESKTOP-6SK6VHN" failures="0" tests="2" name="TestNGStudy.AnnotationStudy" time="0.025" errors="0" timestamp="2022-11-08T13:57:25 IST" skipped="0">
  <testcase classname="TestNGStudy.AnnotationStudy" name="myTest2" time="0.010"/>
  <system-out>
    <![CDATA[my test2 test method is running]]>
  </system-out>
  <testcase classname="TestNGStudy.AnnotationStudy" name="myTest1" time="0.015"/>
  <system-out>
    <![CDATA[my test1 test method is running]]>
  </system-out>
</testsuite> <!-- TestNGStudy.AnnotationStudy -->
