<?xml version="1.0" encoding="UTF-8"?>
<!-- Generated by org.testng.reporters.JUnitReportReporter -->
<testsuite hostname="DESKTOP-6SK6VHN" failures="0" tests="1" name="TestNGStudy.UpStoxApplicationStudy" time="0.010" errors="0" timestamp="2022-11-08T14:11:12 IST" skipped="0">
  <testcase classname="TestNGStudy.UpStoxApplicationStudy" name="validateUserName" time="0.010"/>
  <system-out>
    <![CDATA[user name is validated]]>
  </system-out>
</testsuite> <!-- TestNGStudy.UpStoxApplicationStudy -->
