<?xml version="1.0" encoding="UTF-8"?>
<!-- Generated by org.testng.reporters.JUnitReportReporter -->
<testsuite hostname="DESKTOP-6SK6VHN" failures="0" tests="1" name="verificationUsingTestNG.AssertNotEquals" time="0.018" errors="0" timestamp="2022-11-18T16:18:19 IST" skipped="0">
  <testcase classname="verificationUsingTestNG.AssertNotEquals" name="TC2" time="0.018"/>
  <system-out/>
</testsuite> <!-- verificationUsingTestNG.AssertNotEquals -->
