<?xml version="1.0" encoding="UTF-8"?>
<!-- Generated by org.testng.reporters.JUnitReportReporter -->
<testsuite hostname="DESKTOP-6SK6VHN" failures="0" tests="5" name="TestNGKeywords.TimeOut" time="1.072" errors="0" timestamp="2022-11-08T14:57:02 IST" skipped="0">
  <testcase classname="TestNGKeywords.TimeOut" name="C" time="0.007"/>
  <system-out>
    <![CDATA[C TC is running]]>
  </system-out>
  <testcase classname="TestNGKeywords.TimeOut" name="D" time="1.043"/>
  <system-out>
    <![CDATA[D TC is running]]>
  </system-out>
  <testcase classname="TestNGKeywords.TimeOut" name="E" time="0.004"/>
  <system-out>
    <![CDATA[E TC is running]]>
  </system-out>
  <testcase classname="TestNGKeywords.TimeOut" name="A" time="0.015"/>
  <system-out>
    <![CDATA[A TC is running]]>
  </system-out>
  <testcase classname="TestNGKeywords.TimeOut" name="B" time="0.003"/>
  <system-out>
    <![CDATA[B TC is running]]>
  </system-out>
</testsuite> <!-- TestNGKeywords.TimeOut -->
