<?xml version="1.0" encoding="UTF-8"?>
<!-- Generated by org.testng.reporters.JUnitReportReporter -->
<testsuite hostname="DESKTOP-6SK6VHN" failures="0" tests="5" name="TestNGKeywords.Priority" time="0.040" errors="0" timestamp="2022-11-15T14:48:25 IST" skipped="0">
  <testcase classname="TestNGKeywords.Priority" name="A" time="0.017"/>
  <system-out>
    <![CDATA[A TC is running]]>
  </system-out>
  <testcase classname="TestNGKeywords.Priority" name="E" time="0.005"/>
  <system-out>
    <![CDATA[E TC is running]]>
  </system-out>
  <testcase classname="TestNGKeywords.Priority" name="C" time="0.009"/>
  <system-out>
    <![CDATA[C TC is running]]>
  </system-out>
  <testcase classname="TestNGKeywords.Priority" name="D" time="0.006"/>
  <system-out>
    <![CDATA[D TC is running]]>
  </system-out>
  <testcase classname="TestNGKeywords.Priority" name="B" time="0.003"/>
  <system-out>
    <![CDATA[B TC is running]]>
  </system-out>
</testsuite> <!-- TestNGKeywords.Priority -->
