<?xml version="1.0" encoding="UTF-8"?>
<!-- Generated by org.testng.reporters.JUnitReportReporter -->
<testsuite hostname="DESKTOP-6SK6VHN" failures="0" tests="1" name="verificationUsingTestNG.AssertNull" time="0.018" errors="0" timestamp="2022-11-18T16:34:00 IST" skipped="0">
  <testcase classname="verificationUsingTestNG.AssertNull" name="nulltc" time="0.018"/>
  <system-out/>
</testsuite> <!-- verificationUsingTestNG.AssertNull -->
