<?xml version="1.0" encoding="UTF-8"?>
<!-- Generated by org.testng.reporters.JUnitReportReporter -->
<testsuite hostname="DESKTOP-6SK6VHN" failures="0" tests="1" name="verificationUsingTestNG.AssertNotNull" time="0.019" errors="0" timestamp="2022-11-18T16:37:58 IST" skipped="0">
  <testcase classname="verificationUsingTestNG.AssertNotNull" name="f" time="0.019"/>
  <system-out/>
</testsuite> <!-- verificationUsingTestNG.AssertNotNull -->
