<?xml version="1.0" encoding="UTF-8"?>
<!-- Generated by org.testng.reporters.JUnitReportReporter -->
<testsuite hostname="DESKTOP-6SK6VHN" failures="0" tests="3" name="TestNGxml.testing1" time="0.008" errors="0" timestamp="2022-11-16T17:47:08 IST" skipped="0">
  <testcase classname="TestNGxml.testing1" name="A" time="0.002"/>
  <system-out>
    <![CDATA[A TC is running]]>
  </system-out>
  <testcase classname="TestNGxml.testing1" name="B" time="0.004"/>
  <system-out>
    <![CDATA[B TC is running]]>
  </system-out>
  <testcase classname="TestNGxml.testing1" name="C" time="0.002"/>
  <system-out>
    <![CDATA[C TC is running]]>
  </system-out>
</testsuite> <!-- TestNGxml.testing1 -->
